{"D:\\TDD - LMS\\tdd_library.js": {"path":"D:\\TDD - LMS\\tdd_library.js","statementMap":{"0":{"start":{"line":3,"column":8},"end":{"line":3,"column":24}},"1":{"start":{"line":8,"column":45},"end":{"line":8,"column":49}},"2":{"start":{"line":10,"column":8},"end":{"line":13,"column":9}},"3":{"start":{"line":10,"column":35},"end":{"line":10,"column":113}},"4":{"start":{"line":12,"column":12},"end":{"line":12,"column":75}},"5":{"start":{"line":15,"column":8},"end":{"line":15,"column":54}},"6":{"start":{"line":19,"column":21},"end":{"line":19,"column":40}},"7":{"start":{"line":21,"column":8},"end":{"line":23,"column":9}},"8":{"start":{"line":22,"column":12},"end":{"line":22,"column":58}},"9":{"start":{"line":24,"column":8},"end":{"line":24,"column":31}},"10":{"start":{"line":25,"column":8},"end":{"line":25,"column":33}},"11":{"start":{"line":29,"column":21},"end":{"line":29,"column":40}},"12":{"start":{"line":31,"column":8},"end":{"line":33,"column":9}},"13":{"start":{"line":32,"column":12},"end":{"line":32,"column":67}},"14":{"start":{"line":35,"column":8},"end":{"line":37,"column":9}},"15":{"start":{"line":36,"column":12},"end":{"line":36,"column":61}},"16":{"start":{"line":38,"column":8},"end":{"line":38,"column":30}},"17":{"start":{"line":39,"column":8},"end":{"line":39,"column":31}},"18":{"start":{"line":43,"column":8},"end":{"line":43,"column":59}},"19":{"start":{"line":43,"column":43},"end":{"line":43,"column":57}},"20":{"start":{"line":47,"column":21},"end":{"line":47,"column":60}},"21":{"start":{"line":47,"column":44},"end":{"line":47,"column":59}},"22":{"start":{"line":48,"column":8},"end":{"line":50,"column":9}},"23":{"start":{"line":49,"column":12},"end":{"line":49,"column":54}},"24":{"start":{"line":51,"column":8},"end":{"line":51,"column":20}}},"fnMap":{"0":{"name":"(anonymous_0)","decl":{"start":{"line":2,"column":4},"end":{"line":2,"column":5}},"loc":{"start":{"line":2,"column":18},"end":{"line":4,"column":5}},"line":2},"1":{"name":"(anonymous_1)","decl":{"start":{"line":6,"column":4},"end":{"line":6,"column":5}},"loc":{"start":{"line":6,"column":18},"end":{"line":16,"column":5}},"line":6},"2":{"name":"(anonymous_2)","decl":{"start":{"line":10,"column":28},"end":{"line":10,"column":29}},"loc":{"start":{"line":10,"column":35},"end":{"line":10,"column":113}},"line":10},"3":{"name":"(anonymous_3)","decl":{"start":{"line":18,"column":4},"end":{"line":18,"column":5}},"loc":{"start":{"line":18,"column":28},"end":{"line":26,"column":5}},"line":18},"4":{"name":"(anonymous_4)","decl":{"start":{"line":28,"column":4},"end":{"line":28,"column":5}},"loc":{"start":{"line":28,"column":28},"end":{"line":40,"column":5}},"line":28},"5":{"name":"(anonymous_5)","decl":{"start":{"line":42,"column":4},"end":{"line":42,"column":5}},"loc":{"start":{"line":42,"column":25},"end":{"line":44,"column":5}},"line":42},"6":{"name":"(anonymous_6)","decl":{"start":{"line":43,"column":33},"end":{"line":43,"column":34}},"loc":{"start":{"line":43,"column":43},"end":{"line":43,"column":57}},"line":43},"7":{"name":"(anonymous_7)","decl":{"start":{"line":46,"column":4},"end":{"line":46,"column":5}},"loc":{"start":{"line":46,"column":19},"end":{"line":52,"column":5}},"line":46},"8":{"name":"(anonymous_8)","decl":{"start":{"line":47,"column":37},"end":{"line":47,"column":38}},"loc":{"start":{"line":47,"column":44},"end":{"line":47,"column":59}},"line":47}},"branchMap":{"0":{"loc":{"start":{"line":10,"column":8},"end":{"line":13,"column":9}},"type":"if","locations":[{"start":{"line":10,"column":8},"end":{"line":13,"column":9}},{"start":{},"end":{}}],"line":10},"1":{"loc":{"start":{"line":10,"column":35},"end":{"line":10,"column":113}},"type":"binary-expr","locations":[{"start":{"line":10,"column":35},"end":{"line":10,"column":50}},{"start":{"line":10,"column":54},"end":{"line":10,"column":71}},{"start":{"line":10,"column":75},"end":{"line":10,"column":94}},{"start":{"line":10,"column":98},"end":{"line":10,"column":113}}],"line":10},"2":{"loc":{"start":{"line":21,"column":8},"end":{"line":23,"column":9}},"type":"if","locations":[{"start":{"line":21,"column":8},"end":{"line":23,"column":9}},{"start":{},"end":{}}],"line":21},"3":{"loc":{"start":{"line":31,"column":8},"end":{"line":33,"column":9}},"type":"if","locations":[{"start":{"line":31,"column":8},"end":{"line":33,"column":9}},{"start":{},"end":{}}],"line":31},"4":{"loc":{"start":{"line":35,"column":8},"end":{"line":37,"column":9}},"type":"if","locations":[{"start":{"line":35,"column":8},"end":{"line":37,"column":9}},{"start":{},"end":{}}],"line":35},"5":{"loc":{"start":{"line":48,"column":8},"end":{"line":50,"column":9}},"type":"if","locations":[{"start":{"line":48,"column":8},"end":{"line":50,"column":9}},{"start":{},"end":{}}],"line":48}},"s":{"0":14,"1":15,"2":15,"3":4,"4":1,"5":14,"6":8,"7":7,"8":1,"9":6,"10":6,"11":4,"12":3,"13":1,"14":2,"15":1,"16":1,"17":1,"18":4,"19":5,"20":12,"21":10,"22":12,"23":2,"24":10},"f":{"0":14,"1":15,"2":4,"3":8,"4":4,"5":4,"6":5,"7":12,"8":10},"b":{"0":[1,14],"1":[4,1,1,1],"2":[1,6],"3":[1,2],"4":[1,1],"5":[2,10]},"_coverageSchema":"1a1c01bbd47fc00a2c39e90264f33305004495a9","hash":"6fbce6dfd610d97a3eb636346d08a1cd4fe25fb2"}
}
