TN:
SF:tdd_library.js
FN:2,(anonymous_0)
FN:6,(anonymous_1)
FN:10,(anonymous_2)
FN:18,(anonymous_3)
FN:28,(anonymous_4)
FN:42,(anonymous_5)
FN:43,(anonymous_6)
FN:46,(anonymous_7)
FN:47,(anonymous_8)
FNF:9
FNH:9
FNDA:14,(anonymous_0)
FNDA:15,(anonymous_1)
FNDA:4,(anonymous_2)
FNDA:8,(anonymous_3)
FNDA:4,(anonymous_4)
FNDA:4,(anonymous_5)
FNDA:5,(anonymous_6)
FNDA:12,(anonymous_7)
FNDA:10,(anonymous_8)
DA:3,14
DA:8,15
DA:10,15
DA:12,1
DA:15,14
DA:19,8
DA:21,7
DA:22,1
DA:24,6
DA:25,6
DA:29,4
DA:31,3
DA:32,1
DA:35,2
DA:36,1
DA:38,1
DA:39,1
DA:43,5
DA:47,12
DA:48,12
DA:49,2
DA:51,10
LF:22
LH:22
BRDA:10,0,0,1
BRDA:10,0,1,14
BRDA:10,1,0,4
BRDA:10,1,1,1
BRDA:10,1,2,1
BRDA:10,1,3,1
BRDA:21,2,0,1
BRDA:21,2,1,6
BRDA:31,3,0,1
BRDA:31,3,1,2
BRDA:35,4,0,1
BRDA:35,4,1,1
BRDA:48,5,0,2
BRDA:48,5,1,10
BRF:14
BRH:14
end_of_record
